<?xml version="1.0" encoding="UTF-8" standalone="no"?>
<testsuite errors="0" failures="1" name="io.cucumber.core.plugin.JUnitFormatter" skipped="0" tests="2" time="290.481">
    <testcase classname="KBL1" name="Digital Journey for Xpress Cash Loan" time="141.867">
        <system-out><![CDATA[Given I have access to application..........................................passed
Then verify text Karnataka Bank logo in home page...........................passed
When I selected Existing bank Customer login in home page...................passed
And I checked requirements in home page.....................................passed
And I selected Proceed to create application in home page...................passed
And I entered Customer ID in existing bank customer as '766062882'..........passed
And I entered Captchaa1 in existing bank customer as '123456'...............passed
And I checked Terms and conditions in existing bank customer................passed
And I selected Generate OTP1 in existing bank customer......................passed
And I entered ENTER OTP1 in existing bank customer as '123456'..............passed
And I selected Verify OTP1 in existing bank customer........................passed
Then 'NA' is displayed with 'NA'............................................passed
]]></system-out>
    </testcase>
    <testcase classname="KBL1" name="Login to th application with OTP - Fail TC" time="148.051">
        <failure message="no such element: Unable to locate element: {&quot;method&quot;:&quot;xpath&quot;,&quot;selector&quot;:&quot;(//input[@class='input-mobile-number ng-untouched ng-pristinenginvalid'])[11]&quot;}&#10;  (Session info: chrome=132.0.6834.110)&#10;For documentation on this error, please visit: https://www.selenium.dev/documentation/webdriver/troubleshooting/errors#no-such-element-exception&#10;Build info: version: '4.19.1', revision: 'abe0ee07dc'&#10;System info: os.name: 'Windows 10', os.arch: 'amd64', os.version: '10.0', java.version: '22.0.1'&#10;Driver info: org.openqa.selenium.chrome.ChromeDriver&#10;Command: [a43d881e472616823a846a4cf313e504, findElement {using=xpath, value=(//input[@class='input-mobile-number ng-untouched ng-pristinenginvalid'])[11]}]&#10;Capabilities {acceptInsecureCerts: false, browserName: chrome, browserVersion: 132.0.6834.110, chrome: {chromedriverVersion: 132.0.6834.159 (2d77d3fc445..., userDataDir: C:\Users\Admin\AppData\Loca...}, fedcm:accounts: true, goog:chromeOptions: {debuggerAddress: localhost:50603}, networkConnectionEnabled: false, pageLoadStrategy: normal, platformName: windows, proxy: Proxy(), se:cdp: ws://localhost:50603/devtoo..., se:cdpVersion: 132.0.6834.110, setWindowRect: true, strictFileInteractability: false, timeouts: {implicit: 0, pageLoad: 300000, script: 30000}, unhandledPromptBehavior: dismiss and notify, webauthn:extension:credBlob: true, webauthn:extension:largeBlob: true, webauthn:extension:minPinLength: true, webauthn:extension:prf: true, webauthn:virtualAuthenticators: true}&#10;Session ID: a43d881e472616823a846a4cf313e504" type="common.CustomException"><![CDATA[Given I have access to application..........................................passed
Then verify text Karnataka Bank logo in home page...........................passed
When I selected Existing bank Customer login in home page...................passed
And I checked requirements in home page.....................................passed
And I selected Proceed to create application in home page...................passed
And I entered Customer ID in existing bank customer as '766062882'..........passed
And I entered Captchaa1 in existing bank customer as '123456'...............passed
And I checked Terms and conditions in existing bank customer................passed
And I selected Generate OTP1 in existing bank customer......................passed
And I entered ENTER OTP2 in existing bank customer as '123456'..............failed
And I selected Verify OTP2 in existing bank customer........................skipped
Then 'NA' is displayed with 'NA'............................................skipped

StackTrace:
common.CustomException: no such element: Unable to locate element: {"method":"xpath","selector":"(//input[@class='input-mobile-number ng-untouched ng-pristinenginvalid'])[11]"}
  (Session info: chrome=132.0.6834.110)
For documentation on this error, please visit: https://www.selenium.dev/documentation/webdriver/troubleshooting/errors#no-such-element-exception
Build info: version: '4.19.1', revision: 'abe0ee07dc'
System info: os.name: 'Windows 10', os.arch: 'amd64', os.version: '10.0', java.version: '22.0.1'
Driver info: org.openqa.selenium.chrome.ChromeDriver
Command: [a43d881e472616823a846a4cf313e504, findElement {using=xpath, value=(//input[@class='input-mobile-number ng-untouched ng-pristinenginvalid'])[11]}]
Capabilities {acceptInsecureCerts: false, browserName: chrome, browserVersion: 132.0.6834.110, chrome: {chromedriverVersion: 132.0.6834.159 (2d77d3fc445..., userDataDir: C:\Users\Admin\AppData\Loca...}, fedcm:accounts: true, goog:chromeOptions: {debuggerAddress: localhost:50603}, networkConnectionEnabled: false, pageLoadStrategy: normal, platformName: windows, proxy: Proxy(), se:cdp: ws://localhost:50603/devtoo..., se:cdpVersion: 132.0.6834.110, setWindowRect: true, strictFileInteractability: false, timeouts: {implicit: 0, pageLoad: 300000, script: 30000}, unhandledPromptBehavior: dismiss and notify, webauthn:extension:credBlob: true, webauthn:extension:largeBlob: true, webauthn:extension:minPinLength: true, webauthn:extension:prf: true, webauthn:virtualAuthenticators: true}
Session ID: a43d881e472616823a846a4cf313e504
]]></failure>
    </testcase>
</testsuite>
